date: 2014-05-04 14:28:44.748
argv: D:\toolkit\nodejs\\node.exe D:\toolkit\nodejs\node_modules\hexo\bin\hexo server --debug
os: Windows_NT 6.1.7601 win32 x64
version:
  hexo: 2.5.5
  http_parser: 1.0
  node: 0.10.5
  v8: 3.14.5.8
  ares: 1.9.0-DEV
  uv: 0.10.5
  zlib: 1.2.3
  modules: 11
  openssl: 1.0.1e
---

[debug] 14:28:45.142 Config file loaded
[debug] 14:28:45.148 Version info checked successfully
[debug] 14:28:45.172 Loading database.
[debug] 14:28:45.234 Plugin loaded successfully: hexo-generator-feed
[debug] 14:28:45.254 Plugin loaded successfully: hexo-generator-sitemap
[debug] 14:28:45.854 Plugin loaded successfully: hexo-migrator-wordpress
[debug] 14:28:45.859 Script load successfully: fancybox.js
[debug] 14:28:45.900 Processed: LICENSE
[debug] 14:28:45.901 Processed: README.md
[debug] 14:28:45.903 Processed: scripts/fancybox.js
[debug] 14:28:46.029 Processed: source/css/_base/code.styl
[debug] 14:28:46.030 Processed: source/css/_base/font.styl
[debug] 14:28:46.032 Processed: source/css/_base/public.styl
[debug] 14:28:46.033 Processed: source/css/_base/variable.styl
[debug] 14:28:46.034 Processed: source/css/_partial/article.styl
[debug] 14:28:46.035 Processed: source/css/_partial/aside.styl
[debug] 14:28:46.037 Processed: source/css/_partial/duoshuo.styl
[debug] 14:28:46.038 Processed: source/css/_partial/footer.styl
[debug] 14:28:46.039 Processed: source/css/_partial/gallery.styl
[debug] 14:28:46.041 Processed: source/css/_partial/header.styl
[debug] 14:28:46.042 Processed: source/css/_partial/helper.styl
[debug] 14:28:46.043 Processed: source/css/_partial/index.styl
[debug] 14:28:46.101 Processed: source/font/FontAwesome.otf
[debug] 14:28:46.106 Processed: source/font/coveredbyyourgrace-webfont.eot
[debug] 14:28:46.111 Processed: source/font/coveredbyyourgrace-webfont.svg
[debug] 14:28:46.116 Processed: source/font/coveredbyyourgrace-webfont.ttf
[debug] 14:28:46.121 Processed: source/font/coveredbyyourgrace-webfont.woff
[debug] 14:28:46.126 Processed: source/font/fontawesome-webfont.eot
[debug] 14:28:46.131 Processed: source/font/fontawesome-webfont.svg
[debug] 14:28:46.137 Processed: source/font/fontawesome-webfont.ttf
[debug] 14:28:46.142 Processed: source/font/fontawesome-webfont.woff
[debug] 14:28:46.148 Processed: source/img/author.jpg
[debug] 14:28:46.154 Processed: source/img/favicon.ico
[debug] 14:28:46.160 Processed: source/img/logo.svg
[debug] 14:28:46.165 Processed: source/img/pacman.jpg
[debug] 14:28:46.172 Processed: source/js/jquery-2.1.0.min.js
[debug] 14:28:46.176 Processed: source/css/style.styl
[debug] 14:28:46.182 Processed: source/fancybox/blank.gif
[debug] 14:28:46.189 Processed: source/fancybox/fancybox_loading.gif
[debug] 14:28:46.194 Processed: source/fancybox/fancybox_loading@2x.gif
[debug] 14:28:46.199 Processed: source/fancybox/fancybox_overlay.png
[debug] 14:28:46.205 Processed: source/fancybox/fancybox_sprite.png
[debug] 14:28:46.211 Processed: source/fancybox/fancybox_sprite@2x.png
[debug] 14:28:46.216 Processed: source/fancybox/jquery.fancybox.css
[debug] 14:28:46.222 Processed: source/fancybox/jquery.fancybox.js
[debug] 14:28:46.227 Processed: source/fancybox/jquery.fancybox.pack.js
[debug] 14:28:46.233 Processed: source/fancybox/helpers/fancybox_buttons.png
[debug] 14:28:46.238 Processed: source/fancybox/helpers/jquery.fancybox-buttons.css
[debug] 14:28:46.244 Processed: source/fancybox/helpers/jquery.fancybox-buttons.js
[debug] 14:28:46.249 Processed: source/fancybox/helpers/jquery.fancybox-media.js
[debug] 14:28:46.255 Processed: source/fancybox/helpers/jquery.fancybox-thumbs.css
[debug] 14:28:46.260 Processed: source/fancybox/helpers/jquery.fancybox-thumbs.js
[debug] 14:28:46.268 Processed: _drafts/2013日本旅行照片.md
[debug] 14:28:46.270 Processed: _drafts/risk parity策略测试.md
[debug] 14:28:46.271 Processed: _drafts/从三季报看银行的行为.md
[debug] 14:28:46.273 Processed: _drafts/关于周五的回购利率问题.md
[debug] 14:28:46.274 Processed: _drafts/分级债基套利专题(一).md
[debug] 14:28:46.276 Processed: _drafts/利率市场概览--.md
[debug] 14:28:46.277 Processed: _drafts/券商报告选读：从“紧非标”到“债市牛”之间的距离.md
[debug] 14:28:46.278 Processed: _drafts/商业银行行为和债券市场走势.md
[debug] 14:28:46.279 Processed: _drafts/国债收益率曲线可视化项目.md
[debug] 14:28:46.281 Processed: _drafts/国债期货相关入门学习资料.md
[debug] 14:28:46.282 Processed: _drafts/国债期货管理收益率曲线风险.md
[debug] 14:28:46.284 Processed: _drafts/字体测试.md
[debug] 14:28:46.285 Processed: _drafts/日本金融机构资金流量表解读.md
[debug] 14:28:46.287 Processed: _drafts/杠杆、国债收益率演变以及对银行行为的思考.md
[debug] 14:28:46.293 Processed: _drafts/杠杆经济学专题（一）：用杠杆思考经济学的框架介绍.md
[debug] 14:28:46.295 Processed: _drafts/杠杆经济学专题（二）：杠杆经济学以及对中国经济的理解.md
[debug] 14:28:46.296 Processed: _drafts/比特币高频交易设计.md
[debug] 14:28:46.297 Processed: _drafts/石化二期转债发行情况.md
[debug] 14:28:46.937 Processed: layout/archive.ejs
[debug] 14:28:46.941 Processed: CNAME
[debug] 14:28:46.944 Processed: uploads/2013/06/01-igraph-vs-statnet.pdf
[debug] 14:28:46.945 Processed: uploads/2013/06/2320339_005913444_2-150x150.jpg
[debug] 14:28:46.946 Processed: uploads/2013/06/2320339_005913444_2-300x141.jpg
[debug] 14:28:46.948 Processed: uploads/2013/06/2320339_005913444_2-624x293.jpg
[debug] 14:28:46.949 Processed: uploads/2013/06/2320339_005913444_2.jpg
[debug] 14:28:46.950 Processed: uploads/2013/06/Rplot-1000x288.jpg
[debug] 14:28:46.951 Processed: uploads/2013/06/Rplot-1024x554.jpg
[debug] 14:28:46.953 Processed: uploads/2013/06/Rplot-150x150.jpg
[debug] 14:28:46.954 Processed: uploads/2013/06/Rplot-150x150.png
[debug] 14:28:46.955 Processed: uploads/2013/06/Rplot-300x162.jpg
[debug] 14:28:46.957 Processed: uploads/2013/06/Rplot-300x280.png
[debug] 14:28:46.958 Processed: uploads/2013/06/Rplot-320x300.png
[debug] 14:28:46.959 Processed: uploads/2013/06/Rplot-500x270.jpg
[debug] 14:28:46.961 Processed: uploads/2013/06/Rplot-614x288.png
[debug] 14:28:46.962 Processed: uploads/2013/06/Rplot.jpg
[debug] 14:28:46.963 Processed: uploads/2013/06/Rplot.png
[debug] 14:28:46.965 Processed: uploads/2013/06/Rplot1-150x150.png
[debug] 14:28:46.966 Processed: uploads/2013/06/Rplot1-300x187.png
[debug] 14:28:46.969 Processed: uploads/2013/06/Rplot1-478x300.png
[debug] 14:28:46.970 Processed: uploads/2013/06/Rplot1-640x288.png
[debug] 14:28:46.972 Processed: uploads/2013/06/Rplot1.png
[debug] 14:28:46.973 Processed: uploads/2013/06/assetPerformance-150x150.png
[debug] 14:28:46.974 Processed: uploads/2013/06/assetPerformance-300x145.png
[debug] 14:28:46.976 Processed: uploads/2013/06/assetPerformance-300x166.png
[debug] 14:28:46.978 Processed: uploads/2013/06/assetPerformance-500x242.png
[debug] 14:28:46.979 Processed: uploads/2013/06/assetPerformance-500x276.png
[debug] 14:28:46.981 Processed: uploads/2013/06/assetPerformance-655x288.png
[debug] 14:28:46.982 Processed: uploads/2013/06/assetPerformance-982x288.png
[debug] 14:28:46.984 Processed: uploads/2013/06/assetPerformance.png
[debug] 14:28:46.985 Processed: uploads/2013/06/bondFuture-150x150.png
[debug] 14:28:46.987 Processed: uploads/2013/06/bondFuture-300x205.png
[debug] 14:28:46.988 Processed: uploads/2013/06/bondFuture-438x300.png
[debug] 14:28:46.990 Processed: uploads/2013/06/bondFuture-612x288.png
[debug] 14:28:46.991 Processed: uploads/2013/06/bondFuture.png
[debug] 14:28:46.993 Processed: uploads/2013/06/convertible-150x150.png
[debug] 14:28:46.995 Processed: uploads/2013/06/convertible-300x243.png
[debug] 14:28:46.997 Processed: uploads/2013/06/convertible-370x300.png
[debug] 14:28:46.998 Processed: uploads/2013/06/convertible-676x288.png
[debug] 14:28:47.000 Processed: uploads/2013/06/convertible.png
[debug] 14:28:47.002 Processed: uploads/2013/06/cropped-Rplot-150x150.jpg
[debug] 14:28:47.003 Processed: uploads/2013/06/cropped-Rplot-300x68.jpg
[debug] 14:28:47.005 Processed: uploads/2013/06/cropped-Rplot-500x114.jpg
[debug] 14:28:47.006 Processed: uploads/2013/06/cropped-Rplot.jpg
[debug] 14:28:47.009 Processed: uploads/2013/06/cropped-Rplot2-1000x288.png
[debug] 14:28:47.010 Processed: layout/category.ejs
[debug] 14:28:47.012 Processed: uploads/2013/06/cropped-Rplot2-150x150.png
[debug] 14:28:47.013 Processed: uploads/2013/06/cropped-Rplot2-300x150.png
[debug] 14:28:47.015 Processed: uploads/2013/06/cropped-Rplot2-500x251.png
[debug] 14:28:47.017 Processed: uploads/2013/06/cropped-Rplot2.png
[debug] 14:28:47.019 Processed: uploads/2013/06/cropped-tao-1000x288.jpg
[debug] 14:28:47.021 Processed: uploads/2013/06/cropped-tao-150x150.jpg
[debug] 14:28:47.023 Processed: uploads/2013/06/cropped-tao-300x132.jpg
[debug] 14:28:47.025 Processed: uploads/2013/06/cropped-tao-500x220.jpg
[debug] 14:28:47.026 Processed: uploads/2013/06/cropped-tao.jpg
[debug] 14:28:47.028 Processed: uploads/2013/06/git-cheat-sheet-medium-1000x288.png
[debug] 14:28:47.030 Processed: uploads/2013/06/git-cheat-sheet-medium-1024x791.png
[debug] 14:28:47.031 Processed: uploads/2013/06/git-cheat-sheet-medium-150x150.png
[debug] 14:28:47.033 Processed: uploads/2013/06/git-cheat-sheet-medium-300x231.png
[debug] 14:28:47.035 Processed: uploads/2013/06/git-cheat-sheet-medium-388x300.png
[debug] 14:28:47.037 Processed: uploads/2013/06/git-cheat-sheet-medium.png
[debug] 14:28:47.040 Processed: uploads/2013/06/money-1000x188.png
[debug] 14:28:47.041 Processed: uploads/2013/06/money-1024x154.png
[debug] 14:28:47.044 Processed: uploads/2013/06/money-150x150.png
[debug] 14:28:47.046 Processed: uploads/2013/06/money-300x45.png
[debug] 14:28:47.047 Processed: uploads/2013/06/money-500x75.png
[debug] 14:28:47.049 Processed: uploads/2013/06/money-e1370486329431-1024x154.png
[debug] 14:28:47.051 Processed: uploads/2013/06/money-e1370486329431-150x150.png
[debug] 14:28:47.053 Processed: uploads/2013/06/money-e1370486329431-300x45.png
[debug] 14:28:47.054 Processed: uploads/2013/06/money-e1370486329431.png
[debug] 14:28:47.056 Processed: uploads/2013/06/money.png
[debug] 14:28:47.058 Processed: uploads/2013/06/treasury-1000x288.png
[debug] 14:28:47.060 Processed: uploads/2013/06/treasury-1024x289.png
[debug] 14:28:47.062 Processed: uploads/2013/06/treasury-150x150.png
[debug] 14:28:47.064 Processed: uploads/2013/06/treasury-300x84.png
[debug] 14:28:47.066 Processed: uploads/2013/06/treasury-500x141.png
[debug] 14:28:47.067 Processed: uploads/2013/06/treasury.png
[debug] 14:28:47.069 Processed: uploads/2013/06/upload-1000x288.png
[debug] 14:28:47.071 Processed: uploads/2013/06/upload-1024x488.png
[debug] 14:28:47.073 Processed: uploads/2013/06/upload-150x150.png
[debug] 14:28:47.075 Processed: uploads/2013/06/upload-300x143.png
[debug] 14:28:47.077 Processed: uploads/2013/06/upload-500x238.png
[debug] 14:28:47.079 Processed: uploads/2013/06/upload.png
[debug] 14:28:47.080 Processed: uploads/2013/06/win-dns-150x150.png
[debug] 14:28:47.083 Processed: uploads/2013/06/win-dns-300x186.png
[debug] 14:28:47.085 Processed: uploads/2013/06/win-dns-483x300.png
[debug] 14:28:47.087 Processed: uploads/2013/06/win-dns-719x288.png
[debug] 14:28:47.089 Processed: uploads/2013/06/win-dns.png
[debug] 14:28:47.091 Processed: uploads/2013/06/wind-1000x288.png
[debug] 14:28:47.094 Processed: uploads/2013/06/wind-1024x436.png
[debug] 14:28:47.096 Processed: uploads/2013/06/wind-150x150.png
[debug] 14:28:47.098 Processed: uploads/2013/06/wind-300x127.png
[debug] 14:28:47.100 Processed: uploads/2013/06/wind-500x213.png
[debug] 14:28:47.102 Processed: uploads/2013/06/wind.png
[debug] 14:28:47.104 Processed: uploads/2013/06/安信证券_策略研究_不破不立_程定华-诸海滨-范妍.pdf
[debug] 14:28:47.106 Processed: uploads/2013/07/Repo-150x150.png
[debug] 14:28:47.108 Processed: uploads/2013/07/Repo-300x87.png
[debug] 14:28:47.111 Processed: uploads/2013/07/Repo-500x146.png
[debug] 14:28:47.113 Processed: uploads/2013/07/Repo.png
[debug] 14:28:47.115 Processed: uploads/2013/10/IRR-150x150.gif
[debug] 14:28:47.117 Processed: uploads/2013/10/IRR-300x203.gif
[debug] 14:28:47.119 Processed: uploads/2013/10/IRR.gif
[debug] 14:28:47.121 Processed: uploads/2013/10/IRRvsRepo-150x150.gif
[debug] 14:28:47.123 Processed: uploads/2013/10/IRRvsRepo-300x186.gif
[debug] 14:28:47.125 Processed: uploads/2013/10/IRRvsRepo.gif
[debug] 14:28:47.128 Processed: uploads/2013/10/IRR参数优化-150x150.gif
[debug] 14:28:47.131 Processed: uploads/2013/10/IRR参数优化-300x193.gif
[debug] 14:28:47.133 Processed: uploads/2013/10/IRR参数优化.gif
[debug] 14:28:47.136 Processed: uploads/2013/10/IRR回测-150x93.png
[debug] 14:28:47.138 Processed: uploads/2013/10/IRR回测-300x45.png
[debug] 14:28:47.140 Processed: uploads/2013/10/IRR回测.png
[debug] 14:28:47.142 Processed: uploads/2013/10/IRR数据总结-150x150.gif
[debug] 14:28:47.145 Processed: uploads/2013/10/IRR数据总结-300x194.gif
[debug] 14:28:47.147 Processed: uploads/2013/10/IRR数据总结.gif
[debug] 14:28:47.149 Processed: uploads/2013/10/My Heart Will Go On.mp3
[debug] 14:28:47.152 Processed: uploads/2013/10/volatility-150x150.gif
[debug] 14:28:47.155 Processed: uploads/2013/10/volatility-300x143.gif
[debug] 14:28:47.157 Processed: uploads/2013/10/volatility.gif
[debug] 14:28:47.160 Processed: uploads/2013/10/wind.mp3
[debug] 14:28:47.163 Processed: uploads/2013/10/三季度转债表现-150x150.gif
[debug] 14:28:47.165 Processed: uploads/2013/10/三季度转债表现-300x150.gif
[debug] 14:28:47.168 Processed: uploads/2013/10/三季度转债表现.gif
[debug] 14:28:47.170 Processed: uploads/2013/10/三季度转债表现图-150x150.gif
[debug] 14:28:47.172 Processed: uploads/2013/10/三季度转债表现图-300x265.gif
[debug] 14:28:47.175 Processed: uploads/2013/10/三季度转债表现图.gif
[debug] 14:28:47.177 Processed: uploads/2013/10/三季度转债表现表-150x150.gif
[debug] 14:28:47.181 Processed: uploads/2013/10/三季度转债表现表-238x300.gif
[debug] 14:28:47.184 Processed: uploads/2013/10/三季度转债表现表.gif
[debug] 14:28:47.186 Processed: uploads/2013/10/东大寺2-150x150.jpg
[debug] 14:28:47.189 Processed: uploads/2013/10/东大寺2-300x225.jpg
[debug] 14:28:47.191 Processed: uploads/2013/10/东大寺2.jpg
[debug] 14:28:47.194 Processed: uploads/2013/10/中美国债-150x150.gif
[debug] 14:28:47.196 Processed: uploads/2013/10/中美国债-300x189.gif
[debug] 14:28:47.199 Processed: uploads/2013/10/中美国债.gif
[debug] 14:28:47.201 Processed: uploads/2013/10/中行民生石化-150x150.gif
[debug] 14:28:47.203 Processed: uploads/2013/10/中行民生石化-228x300.gif
[debug] 14:28:47.206 Processed: uploads/2013/10/中行民生石化-780x1024.gif
[debug] 14:28:47.208 Processed: uploads/2013/10/中行民生石化.gif
[debug] 14:28:47.211 Processed: uploads/2013/10/京都岚山-150x150.jpg
[debug] 14:28:47.213 Processed: uploads/2013/10/京都岚山-300x225.jpg
[debug] 14:28:47.216 Processed: uploads/2013/10/京都岚山.jpg
[debug] 14:28:47.219 Processed: uploads/2013/10/公募基金仓位1-150x150.png
[debug] 14:28:47.221 Processed: uploads/2013/10/公募基金仓位1-276x300.png
[debug] 14:28:47.223 Processed: uploads/2013/10/公募基金仓位1-945x1024.png
[debug] 14:28:47.226 Processed: uploads/2013/10/公募基金仓位1.png
[debug] 14:28:47.230 Processed: uploads/2013/10/公募基金仓位2-1024x742.png
[debug] 14:28:47.233 Processed: uploads/2013/10/公募基金仓位2-150x150.png
[debug] 14:28:47.235 Processed: uploads/2013/10/公募基金仓位2-300x217.png
[debug] 14:28:47.238 Processed: uploads/2013/10/公募基金仓位2.png
[debug] 14:28:47.240 Processed: uploads/2013/10/南山石化-150x150.gif
[debug] 14:28:47.243 Processed: uploads/2013/10/南山石化-300x266.gif
[debug] 14:28:47.246 Processed: uploads/2013/10/南山石化.gif
[debug] 14:28:47.248 Processed: uploads/2013/10/可转债个券指标-150x150.png
[debug] 14:28:47.251 Processed: uploads/2013/10/可转债个券指标-300x200.png
[debug] 14:28:47.253 Processed: uploads/2013/10/可转债个券指标.png
[debug] 14:28:47.256 Processed: uploads/2013/10/可转债个券指标1-150x150.png
[debug] 14:28:47.258 Processed: uploads/2013/10/可转债个券指标1-300x151.png
[debug] 14:28:47.261 Processed: uploads/2013/10/可转债个券指标1.png
[debug] 14:28:47.264 Processed: uploads/2013/10/和服-150x150.jpg
[debug] 14:28:47.266 Processed: uploads/2013/10/和服-300x225.jpg
[debug] 14:28:47.269 Processed: uploads/2013/10/和服.jpg
[debug] 14:28:47.272 Processed: uploads/2013/10/哲学の道-150x150.jpg
[debug] 14:28:47.274 Processed: uploads/2013/10/哲学の道-300x225.jpg
[debug] 14:28:47.277 Processed: uploads/2013/10/哲学の道.jpg
[debug] 14:28:47.279 Processed: uploads/2013/10/四季度3-150x150.gif
[debug] 14:28:47.282 Processed: uploads/2013/10/四季度3-215x300.gif
[debug] 14:28:47.285 Processed: uploads/2013/10/四季度3.gif
[debug] 14:28:47.287 Processed: uploads/2013/10/四季度报告-150x150.gif
[debug] 14:28:47.290 Processed: uploads/2013/10/四季度报告-274x300.gif
[debug] 14:28:47.293 Processed: uploads/2013/10/四季度报告.gif
[debug] 14:28:47.296 Processed: uploads/2013/10/四季度报告2-150x150.gif
[debug] 14:28:47.300 Processed: uploads/2013/10/四季度报告2-285x300.gif
[debug] 14:28:47.303 Processed: uploads/2013/10/四季度报告2.gif
[debug] 14:28:47.305 Processed: uploads/2013/10/国债期货-150x150.png
[debug] 14:28:47.306 Processed: layout/index.ejs
[debug] 14:28:47.309 Processed: uploads/2013/10/国债期货-300x154.png
[debug] 14:28:47.312 Processed: uploads/2013/10/国债期货.png
[debug] 14:28:47.315 Processed: uploads/2013/10/国债期货四季度策略.pdf
[debug] 14:28:47.318 Processed: uploads/2013/10/国债期货四季度策略1.pdf
[debug] 14:28:47.320 Processed: uploads/2013/10/国债期货高频交易-150x150.png
[debug] 14:28:47.323 Processed: uploads/2013/10/国债期货高频交易-300x225.png
[debug] 14:28:47.326 Processed: uploads/2013/10/国债期货高频交易.png
[debug] 14:28:47.329 Processed: uploads/2013/10/大阪-150x150.jpg
[debug] 14:28:47.332 Processed: uploads/2013/10/大阪-300x225.jpg
[debug] 14:28:47.334 Processed: uploads/2013/10/大阪.jpg
[debug] 14:28:47.337 Processed: uploads/2013/10/大阪漫画者-150x150.jpg
[debug] 14:28:47.340 Processed: uploads/2013/10/大阪漫画者-225x300.jpg
[debug] 14:28:47.342 Processed: uploads/2013/10/大阪漫画者.jpg
[debug] 14:28:47.345 Processed: uploads/2013/10/奈良_唐绍提寺-150x150.jpg
[debug] 14:28:47.348 Processed: uploads/2013/10/奈良_唐绍提寺-300x225.jpg
[debug] 14:28:47.351 Processed: uploads/2013/10/奈良_唐绍提寺.jpg
[debug] 14:28:47.354 Processed: uploads/2013/10/奈良东大寺-150x150.jpg
[debug] 14:28:47.357 Processed: uploads/2013/10/奈良东大寺-300x225.jpg
[debug] 14:28:47.360 Processed: uploads/2013/10/奈良东大寺.jpg
[debug] 14:28:47.363 Processed: uploads/2013/10/奈良东大寺1-150x150.jpg
[debug] 14:28:47.366 Processed: uploads/2013/10/奈良东大寺1-300x225.jpg
[debug] 14:28:47.370 Processed: uploads/2013/10/奈良东大寺1.jpg
[debug] 14:28:47.372 Processed: uploads/2013/10/居酒屋-150x150.jpg
[debug] 14:28:47.375 Processed: uploads/2013/10/居酒屋-300x225.jpg
[debug] 14:28:47.378 Processed: uploads/2013/10/居酒屋.jpg
[debug] 14:28:47.381 Processed: uploads/2013/10/岚山街头-150x150.jpg
[debug] 14:28:47.384 Processed: uploads/2013/10/岚山街头-300x225.jpg
[debug] 14:28:47.387 Processed: uploads/2013/10/岚山街头.jpg
[debug] 14:28:47.390 Processed: uploads/2013/10/日本和服-150x150.jpg
[debug] 14:28:47.393 Processed: uploads/2013/10/日本和服-300x225.jpg
[debug] 14:28:47.396 Processed: uploads/2013/10/日本和服.jpg
[debug] 14:28:47.399 Processed: uploads/2013/10/日本和服2-150x150.jpg
[debug] 14:28:47.402 Processed: uploads/2013/10/日本和服2-300x225.jpg
[debug] 14:28:47.404 Processed: uploads/2013/10/日本和服2.jpg
[debug] 14:28:47.407 Processed: uploads/2013/10/民生转债走势-150x150.gif
[debug] 14:28:47.411 Processed: uploads/2013/10/民生转债走势-300x233.gif
[debug] 14:28:47.413 Processed: uploads/2013/10/民生转债走势.gif
[debug] 14:28:47.416 Processed: uploads/2013/10/民生银行资本充足率-1024x701.png
[debug] 14:28:47.419 Processed: uploads/2013/10/民生银行资本充足率-150x150.png
[debug] 14:28:47.423 Processed: uploads/2013/10/民生银行资本充足率-300x205.png
[debug] 14:28:47.426 Processed: uploads/2013/10/民生银行资本充足率.png
[debug] 14:28:47.429 Processed: uploads/2013/10/清水市步行街-150x150.jpg
[debug] 14:28:47.432 Processed: uploads/2013/10/清水市步行街-300x225.jpg
[debug] 14:28:47.436 Processed: uploads/2013/10/清水市步行街.jpg
[debug] 14:28:47.441 Processed: uploads/2013/10/艺妓-150x150.jpg
[debug] 14:28:47.446 Processed: uploads/2013/10/艺妓-300x225.jpg
[debug] 14:28:47.451 Processed: uploads/2013/10/艺妓.jpg
[debug] 14:28:47.456 Processed: uploads/2013/10/转债基金资产配置.xlsx
[debug] 14:28:47.460 Processed: uploads/2013/10/转债指数-150x150.png
[debug] 14:28:47.466 Processed: uploads/2013/10/转债指数-300x136.png
[debug] 14:28:47.471 Processed: uploads/2013/10/转债指数.png
[debug] 14:28:47.476 Processed: uploads/2013/10/金阁寺-150x150.jpg
[debug] 14:28:47.481 Processed: uploads/2013/10/金阁寺-300x225.jpg
[debug] 14:28:47.486 Processed: uploads/2013/10/金阁寺.jpg
[debug] 14:28:47.491 Processed: uploads/2013/11/pr20d_backtest-150x150.gif
[debug] 14:28:47.496 Processed: uploads/2013/11/pr20d_backtest-300x208.gif
[debug] 14:28:47.505 Processed: uploads/2013/11/pr20d_backtest.gif
[debug] 14:28:47.509 Processed: uploads/2013/11/pr20d_backtest1-150x150.gif
[debug] 14:28:47.512 Processed: uploads/2013/11/pr20d_backtest1-300x198.gif
[debug] 14:28:47.515 Processed: uploads/2013/11/pr20d_backtest1.gif
[debug] 14:28:47.519 Processed: uploads/2013/11/pr20d_backtest2-150x150.gif
[debug] 14:28:47.522 Processed: uploads/2013/11/pr20d_backtest2-300x202.gif
[debug] 14:28:47.525 Processed: uploads/2013/11/pr20d_backtest2.gif
[debug] 14:28:47.528 Processed: uploads/2013/11/repo-150x150.png
[debug] 14:28:47.531 Processed: uploads/2013/11/repo-300x86.png
[debug] 14:28:47.535 Processed: uploads/2013/11/repo.png
[debug] 14:28:47.538 Processed: uploads/2013/11/可转债套利.xlsx
[debug] 14:28:47.542 Processed: uploads/2013/11/可转债套利1-150x150.gif
[debug] 14:28:47.545 Processed: uploads/2013/11/可转债套利1-300x197.gif
[debug] 14:28:47.548 Processed: uploads/2013/11/可转债套利1.gif
[debug] 14:28:47.552 Processed: uploads/2013/11/转债套利2-300x269.gif
[debug] 14:28:47.555 Processed: uploads/2013/11/转债套利2-150x150.gif
[debug] 14:28:47.558 Processed: uploads/2013/11/转债套利2.gif
[debug] 14:28:47.562 Processed: uploads/2013/11/转债套利3-150x150.gif
[debug] 14:28:47.565 Processed: uploads/2013/11/转债套利3-300x147.gif
[debug] 14:28:47.569 Processed: uploads/2013/11/转债套利4-150x150.gif
[debug] 14:28:47.573 Processed: uploads/2013/11/转债套利3.gif
[debug] 14:28:47.577 Processed: uploads/2013/11/转债套利4-300x232.gif
[debug] 14:28:47.580 Processed: uploads/2013/11/转债套利4.gif
[debug] 14:28:47.584 Processed: uploads/2013/11/银行资产负债表-150x150.gif
[debug] 14:28:47.587 Processed: uploads/2013/11/银行资产负债表-300x200.gif
[debug] 14:28:47.591 Processed: uploads/2013/11/银行资产负债表.gif
[debug] 14:28:47.594 Processed: uploads/2013/11/银行资产负债表资产端-150x150.gif
[debug] 14:28:47.598 Processed: uploads/2013/11/银行资产负债表资产端-300x168.gif
[debug] 14:28:47.601 Processed: uploads/2013/11/银行资产负债表资产端.gif
[debug] 14:28:47.605 Processed: uploads/2013/11/银行资产配置-150x150.png
[debug] 14:28:47.608 Processed: uploads/2013/11/银行资产配置-300x148.png
[debug] 14:28:47.612 Processed: uploads/2013/11/银行资产配置.png
[debug] 14:28:47.615 Processed: uploads/2014/01/民生转债-150x150.png
[debug] 14:28:47.619 Processed: uploads/2014/01/民生转债-300x273.png
[debug] 14:28:47.622 Processed: uploads/2014/01/民生转债.png
[debug] 14:28:47.626 Processed: uploads/2014/01/民生转债1-150x150.png
[debug] 14:28:47.629 Processed: uploads/2014/01/民生转债1-300x233.png
[debug] 14:28:47.633 Processed: uploads/2014/01/民生转债1.png
[debug] 14:28:47.636 Processed: uploads/2014/01/民生转债修正-150x150.gif
[debug] 14:28:47.641 Processed: uploads/2014/01/民生转债修正-300x237.gif
[debug] 14:28:47.644 Processed: uploads/2014/01/民生转债修正.gif
[debug] 14:28:47.647 Processed: uploads/2014/03/分级基金A基金投资案例-双禧A.doc
[debug] 14:28:47.651 Processed: uploads/2014/03/分级基金A基金投资案例-双禧A.pdf
[debug] 14:28:47.654 Processed: uploads/2014/03/杠杠使用之一.pdf
[debug] 14:28:47.657 Processed: uploads/2014/03/杠杠使用之二-在证券账户中运用正回购加杠杆.pdf
[debug] 14:28:47.661 Processed: uploads/2014/04/房地产信贷-1024x303.png
[debug] 14:28:47.664 Processed: uploads/2014/04/房地产信贷-150x150.png
[debug] 14:28:47.668 Processed: uploads/2014/04/房地产信贷-300x89.png
[debug] 14:28:47.671 Processed: uploads/2014/04/房地产信贷.png
[debug] 14:28:47.674 Processed: uploads/2014/04/社会融资总量201403-150x150.png
[debug] 14:28:47.678 Processed: uploads/2014/04/社会融资总量201403-300x178.png
[debug] 14:28:47.681 Processed: uploads/2014/04/社会融资总量201403.png
[debug] 14:28:47.685 Processed: uploads/2014/04/社会融资总量__新增信托贷款201403-150x150.png
[debug] 14:28:47.688 Processed: uploads/2014/04/社会融资总量__新增信托贷款201403-300x188.png
[debug] 14:28:47.692 Processed: uploads/2014/04/社会融资总量__新增信托贷款201403.png
[debug] 14:28:47.695 Processed: uploads/2014/04/社会融资总量__贷款201403-150x150.png
[debug] 14:28:47.699 Processed: uploads/2014/04/社会融资总量__贷款201403-300x178.png
[debug] 14:28:47.703 Processed: uploads/2014/04/社会融资总量__贷款201403.png
[debug] 14:28:47.708 Processed: uploads/2014/04/银行生息资产配置行为-150x150.png
[debug] 14:28:47.711 Processed: uploads/2014/04/银行生息资产配置行为-300x158.png
[debug] 14:28:47.715 Processed: uploads/2014/04/银行生息资产配置行为.png
[debug] 14:28:47.719 Processed: uploads/2014/04/银行资产配置—201403-150x150.png
[debug] 14:28:47.723 Processed: uploads/2014/04/银行资产配置—201403-300x150.png
[debug] 14:28:47.726 Processed: uploads/2014/04/银行资产配置—201403.png
[debug] 14:28:47.727 Processed: layout/layout.ejs
[debug] 14:28:47.727 Processed: layout/page.ejs
[debug] 14:28:47.728 Processed: layout/post.ejs
[debug] 14:28:47.729 Processed: layout/tag.ejs
[debug] 14:28:47.730 Processed: layout/_widget/archive.ejs
[debug] 14:28:47.730 Processed: layout/_widget/category.ejs
[debug] 14:28:47.730 Processed: layout/_widget/links.ejs
[debug] 14:28:47.731 Processed: layout/_widget/rss.ejs
[debug] 14:28:47.731 Processed: layout/_widget/tag.ejs
[debug] 14:28:47.731 Processed: layout/_widget/tagcloud.ejs
[debug] 14:28:47.731 Processed: layout/_partial/after_footer.ejs
[debug] 14:28:47.732 Processed: layout/_partial/archive.ejs
[debug] 14:28:47.732 Processed: layout/_partial/article.ejs
[debug] 14:28:47.732 Processed: layout/_partial/categories.ejs
[debug] 14:28:47.732 Processed: layout/_partial/footer.ejs
[debug] 14:28:47.733 Processed: layout/_partial/google_analytics.ejs
[debug] 14:28:47.733 Processed: layout/_partial/head.ejs
[debug] 14:28:47.733 Processed: layout/_partial/header.ejs
[debug] 14:28:47.733 Processed: layout/_partial/mathjax.ejs
[debug] 14:28:47.734 Processed: layout/_partial/pagination.ejs
[debug] 14:28:47.734 Processed: layout/_partial/search.ejs
[debug] 14:28:47.734 Processed: layout/_partial/sidebar.ejs
[debug] 14:28:47.734 Processed: layout/_partial/tags.ejs
[debug] 14:28:47.735 Processed: layout/_partial/post/article.ejs
[debug] 14:28:47.735 Processed: layout/_partial/post/catetags.ejs
[debug] 14:28:47.736 Processed: layout/_partial/post/comment.ejs
[debug] 14:28:47.736 Processed: layout/_partial/post/footer.ejs
[debug] 14:28:47.737 Processed: layout/_partial/post/gallery.ejs
[debug] 14:28:47.738 Processed: layout/_partial/post/header.ejs
[debug] 14:28:47.738 Processed: layout/_partial/post/jiathis.ejs
[debug] 14:28:47.739 Processed: layout/_partial/post/pagination.ejs
[debug] 14:28:47.743 Theme config loaded
[debug] 14:28:47.744 Processed: _config.yml
[debug] 14:28:47.744 Processed: languages/default.yml
[debug] 14:28:47.745 Processed: languages/zh-CN.yml
[debug] 14:28:47.746 Processed: languages/zh-TW.yml
[debug] 14:28:48.374 Processed: about/index.md
[debug] 14:28:48.376 Processed: _posts/2013亚洲独立研究峰会笔录.md
[debug] 14:28:48.377 Processed: _posts/2013日本游玩.md
[debug] 14:28:48.377 Processed: _posts/MathJax试用.md
[debug] 14:28:48.377 Processed: _posts/backtesting-of-risk-parity-strategy.md
[debug] 14:28:48.378 Processed: _posts/bitbucket-intro.md
[debug] 14:28:48.378 Processed: _posts/bloomberg包代码对应表.md
[debug] 14:28:48.378 Processed: _posts/bs-and-pl.md
[debug] 14:28:48.379 Processed: _posts/cb2013qr3allocation.md
[debug] 14:28:48.379 Processed: readme.md
[debug] 14:28:48.380 Processed: _posts/economic-review-in-april.md
[debug] 14:28:48.380 Processed: _posts/emacs-使用介绍.md
[debug] 14:28:48.380 Processed: _posts/fwdrate.md
[debug] 14:28:48.380 Processed: _posts/git-intro.md
[debug] 14:28:48.381 Processed: _posts/pr20dsignal.md
[debug] 14:28:48.381 Processed: _posts/project-name.md
[debug] 14:28:48.381 Processed: _posts/write-r-pacakges-on-github.md
[debug] 14:28:48.381 Processed: _posts/三月份融资数据点评.md
[debug] 14:28:48.382 Processed: _posts/优先股试点报告.md
[debug] 14:28:48.382 Processed: _posts/会计记录的后续问题讨论.md
[debug] 14:28:48.383 Processed: _posts/债券和货币市场回顾_20130605.md
[debug] 14:28:48.383 Processed: _posts/关于我们投资平台页面的设计.md
[debug] 14:28:48.383 Processed: _posts/关于隔夜回购计息的问题.md
[debug] 14:28:48.384 Processed: _posts/分级基金之基本风险收益分析.md
[debug] 14:28:48.384 Processed: _posts/可转债市场回顾_20130605.md
[debug] 14:28:48.384 Processed: _posts/可转债负溢价率套利策略一.md
[debug] 14:28:48.384 Processed: _posts/可转债转股套利.md
[debug] 14:28:48.385 Processed: _posts/回购的即期和远期收益率曲线.md
[debug] 14:28:48.385 Processed: _posts/国债收益率曲线可视化项目.md
[debug] 14:28:48.385 Processed: _posts/国债期货上市以来回顾.md
[debug] 14:28:48.385 Processed: _posts/国债期货高频交易策略.md
[debug] 14:28:48.386 Processed: _posts/国务院关于开展优先股试点的指导意见.md
[debug] 14:28:48.386 Processed: _posts/在投资中使用杠杆之一.md
[debug] 14:28:48.386 Processed: _posts/在投资中使用杠杆之二.md
[debug] 14:28:48.387 Processed: _posts/基金份额的计算.md
[debug] 14:28:48.387 Processed: _posts/推荐一篇非常难得的好报告.md
[debug] 14:28:48.387 Processed: _posts/期货的持仓记录.md
[debug] 14:28:48.387 Processed: _posts/民生转债修正条款博弈.md
[debug] 14:28:48.388 Processed: _posts/转债市场观点_2013-10-29.md
[debug] 14:28:48.388 Processed: _posts/远期收益率曲线交易角度的理解.md
[debug] 14:28:48.388 Processed: _posts/银行研究专题一.md
[info] 14:28:48.525 Hexo is running at http://localhost:4000/. Press Ctrl+C to stop.
[debug] 14:28:48.525 Cache saved
[debug] 14:28:48.697 Render index: 
[debug] 14:28:51.060 Render index: 
[debug] 14:28:57.469 Render index: 
[debug] 14:29:19.914 Render index: 
[debug] 14:29:23.381 Render page: about/index.html
[debug] 14:29:38.044 Render page: about/index.html
